#
# A fatal error has been detected by the Java Runtime Environment:
#
#  SIGSEGV (0xb) at pc=0x00000001151bcfc7, pid=6856, tid=0x000000000000cf07
#
# JRE version: Java(TM) SE Runtime Environment (8.0_202-b08) (build 1.8.0_202-b08)
# Java VM: Java HotSpot(TM) 64-Bit Server VM (25.202-b08 mixed mode bsd-amd64 compressed oops)
# Problematic frame:
# C  [libawt_lwawt.dylib+0x1cfc7]  OGLSD_SetScratchSurface+0x49
#
# Failed to write core dump. Core dumps have been disabled. To enable core dumping, try "ulimit -c unlimited" before starting Java again
#
# If you would like to submit a bug report, please visit:
#   http://bugreport.java.com/bugreport/crash.jsp
# The crash happened outside the Java Virtual Machine in native code.
# See problematic frame for where to report the bug.
#

---------------  T H R E A D  ---------------

Current thread (0x00007fb0a424a000):  JavaThread "Java2D Queue Flusher" daemon [_thread_in_native, id=52999, stack(0x00007000069f7000,0x0000700006bf7000)]

siginfo: si_signo: 11 (SIGSEGV), si_code: 1 (SEGV_MAPERR), si_addr: 0x0000000000000002

Registers:
RAX=0x00000000ffffffff, RBX=0x0000000000000002, RCX=0x0000000000000047, RDX=0x00000001151deab4
RSP=0x0000700006bf6830, RBP=0x0000700006bf6850, RSI=0x00007fb09257b430, RDI=0x00007fb0a424a1f8
R8 =0x00000000f0053fb8, R9 =0x0000000000000000, R10=0x00000001190ab8f8, R11=0x0000000000000020
R12=0x0000000000000000, R13=0x000000078029fab8, R14=0x00007fb0a424a1f8, R15=0x00007fb0a424a000
RIP=0x00000001151bcfc7, EFLAGS=0x0000000000010202, ERR=0x0000000000000004
  TRAPNO=0x000000000000000e

Top of Stack: (sp=0x0000700006bf6830)
0x0000700006bf6830:   00007fb09257b430 0000000000000000
0x0000700006bf6840:   00007fb0a2bab210 00007fb0a424a000
0x0000700006bf6850:   0000700006bf68d0 00000001151de592
0x0000700006bf6860:   0000000000000064 00007fb0a2733068
0x0000700006bf6870:   0000700006bf68d0 000000010ab52b40
0x0000700006bf6880:   0000000000000005 00007fb0a424a000
0x0000700006bf6890:   000000078029fa01 00007fb0a2bab220
0x0000700006bf68a0:   0000700000bf6800 00007fb0a424a1f8
0x0000700006bf68b0:   0000000000000000 0000000000000000
0x0000700006bf68c0:   00000007b65b7cd8 00007fb0a424a000
0x0000700006bf68d0:   0000700006bf6920 00000001190ab96a
0x0000700006bf68e0:   000000078029fda8 0000700006bf6928
0x0000700006bf68f0:   0000000128e03028 0000000000000000
0x0000700006bf6900:   0000000000000019 0000000000000000
0x0000700006bf6910:   0000700006bf6930 000000078029fab8
0x0000700006bf6920:   00000000f0053fb5 000000011f810330
0x0000700006bf6930:   000000078029fda8 0000000000000000
0x0000700006bf6940:   000000078029fab8 0000000000000000
0x0000700006bf6950:   000000078029fab8 0000700006bf69f0
0x0000700006bf6960:   0000000000000001 0000000000000000
0x0000700006bf6970:   0000700006bf69f0 00000001171ca7a7
0x0000700006bf6980:   00000007802bb0e8 00000007802bb0e8
0x0000700006bf6990:   0000700000001fa0 000000000000000a
0x0000700006bf69a0:   00007fb0a424a000 0000000000000001
0x0000700006bf69b0:   00000001171ca71f 000000010e82db90
0x0000700006bf69c0:   0000700006bf6a88 0000700006bf6d20
0x0000700006bf69d0:   000000010000000a 000000010e82db90
0x0000700006bf69e0:   00000001171ddae0 0000700006bf6c90
0x0000700006bf69f0:   0000700006bf6ba0 000000010aaf0d1e
0x0000700006bf6a00:   0000700000000001 00007fb0a424a000
0x0000700006bf6a10:   00007fb0a424a000 0000700006bf6d20
0x0000700006bf6a20:   00007fb0a2733060 00000001171ddae0 

Instructions: (pc=0x00000001151bcfc7)
0x00000001151bcfa7:   c0 e9 82 00 00 00 48 8b 5e 10 48 85 db 75 0e bf
0x00000001151bcfb7:   01 00 00 00 48 8d 15 cb 96 03 00 eb d6 49 89 fe
0x00000001151bcfc7:   4c 8b 3b 30 c0 e8 ff bc 02 00 49 8b 3f 49 89 c4
0x00000001151bcfd7:   48 8b 35 82 29 06 00 30 c0 e8 0b be 02 00 48 85 

Register to memory mapping:

RAX=0x00000000ffffffff is an unknown value
RBX=0x0000000000000002 is an unknown value
RCX=0x0000000000000047 is an unknown value
RDX=0x00000001151deab4: Java_sun_java2d_opengl_OGLRenderQueue_flushBuffer+0xb5c in /Library/Java/JavaVirtualMachines/jdk1.8.0_202.jdk/Contents/Home/jre/lib/libawt_lwawt.dylib at 0x00000001151a0000
RSP=0x0000700006bf6830 is pointing into the stack for thread: 0x00007fb0a424a000
RBP=0x0000700006bf6850 is pointing into the stack for thread: 0x00007fb0a424a000
RSI=0x00007fb09257b430 is an unknown value
RDI=0x00007fb0a424a1f8 is an unknown value
R8 =0x00000000f0053fb8 is an unknown value
R9 =0x0000000000000000 is an unknown value
R10=0x00000001190ab8f8 is at entry_point+56 in (nmethod*)0x00000001190ab750
R11=0x0000000000000020 is an unknown value
R12=0x0000000000000000 is an unknown value
R13=0x000000078029fab8 is an oop
sun.java2d.opengl.OGLRenderQueue$QueueFlusher 
 - klass: 'sun/java2d/opengl/OGLRenderQueue$QueueFlusher'
R14=0x00007fb0a424a1f8 is an unknown value
R15=0x00007fb0a424a000 is a thread


Stack: [0x00007000069f7000,0x0000700006bf7000],  sp=0x0000700006bf6830,  free space=2046k
Native frames: (J=compiled Java code, j=interpreted, Vv=VM code, C=native code)
C  [libawt_lwawt.dylib+0x1cfc7]  OGLSD_SetScratchSurface+0x49
C  [libawt_lwawt.dylib+0x3e592]  Java_sun_java2d_opengl_OGLRenderQueue_flushBuffer+0x63a
J 13972  sun.java2d.opengl.OGLRenderQueue.flushBuffer(JI)V (0 bytes) @ 0x00000001190ab96a [0x00000001190ab8c0+0xaa]
J 49791% C2 sun.java2d.opengl.OGLRenderQueue$QueueFlusher.run()V (234 bytes) @ 0x000000011f810330 [0x000000011f810260+0xd0]
v  ~StubRoutines::call_stub
V  [libjvm.dylib+0x2f0d1e]
V  [libjvm.dylib+0x2f14c2]
V  [libjvm.dylib+0x2f166e]
V  [libjvm.dylib+0x34bf5d]
V  [libjvm.dylib+0x570b93]
V  [libjvm.dylib+0x57228e]
V  [libjvm.dylib+0x48f30a]
C  [libsystem_pthread.dylib+0x32eb]  _pthread_body+0x7e
C  [libsystem_pthread.dylib+0x6249]  _pthread_start+0x42
C  [libsystem_pthread.dylib+0x240d]  thread_start+0xd
C  0x0000000000000000

Java frames: (J=compiled Java code, j=interpreted, Vv=VM code)
J 13972  sun.java2d.opengl.OGLRenderQueue.flushBuffer(JI)V (0 bytes) @ 0x00000001190ab8f8 [0x00000001190ab8c0+0x38]
J 49791% C2 sun.java2d.opengl.OGLRenderQueue$QueueFlusher.run()V (234 bytes) @ 0x000000011f810330 [0x000000011f810260+0xd0]
v  ~StubRoutines::call_stub

---------------  P R O C E S S  ---------------

Java Threads: ( => current thread )
  0x00007fb0aae99000 JavaThread "Inactive RequestProcessor thread [Was:OpenIDE-request-processor-1/org.netbeans.core.startup.preferences.NbPreferences$1]" daemon [_thread_blocked, id=129587, stack(0x0000700007489000,0x0000700007689000)]
  0x00007fb0a6315000 JavaThread "Inactive RequestProcessor thread [Was:AnnotationHolder/org.netbeans.modules.editor.hints.AnnotationHolder$4$2]" daemon [_thread_blocked, id=61351, stack(0x00007000063ee000,0x00007000065ee000)]
  0x00007fb0a74a1000 JavaThread "Inactive RequestProcessor thread [Was:Refresh-After-WindowActivated/org.netbeans.core.ui.warmup.MenuWarmUpTask$NbWindowsAdapter]" daemon [_thread_blocked, id=125155, stack(0x00007000065f1000,0x00007000067f1000)]
  0x00007fb0a2d86800 JavaThread "Thread-116" daemon [_thread_blocked, id=37291, stack(0x00007000094b9000,0x00007000096b9000)]
  0x00007fb0aade2000 JavaThread "pool-13-thread-2" [_thread_blocked, id=88415, stack(0x00007000090b3000,0x00007000092b3000)]
  0x00007fb0a628d000 JavaThread "pool-13-thread-1" [_thread_blocked, id=87959, stack(0x0000700008eb0000,0x00007000090b0000)]
  0x00007fb0adbb2000 JavaThread "LogViewer - Thread" daemon [_thread_blocked, id=91415, stack(0x0000700008cad000,0x0000700008ead000)]
  0x00007fb0a66bf000 JavaThread "process reaper" daemon [_thread_in_native, id=68363, stack(0x00007000062e8000,0x0000700006310000)]
  0x00007fb0ae718800 JavaThread "RequestProcessor queue manager" daemon [_thread_blocked, id=52235, stack(0x00007000067f4000,0x00007000069f4000)]
  0x00007fb0adf4c800 JavaThread "WebSocketServer" daemon [_thread_in_native, id=66759, stack(0x0000700007e98000,0x0000700008098000)]
  0x00007fb0aae5d800 JavaThread "Thread-6" [_thread_blocked, id=63767, stack(0x0000700007c95000,0x0000700007e95000)]
  0x00007fb0a7740000 JavaThread "Editor Parsing Loop (incubator-netbeans-release-380-on-20181217)" daemon [_thread_blocked, id=76295, stack(0x00007000092b6000,0x00007000094b6000)]
  0x00007fb0a2809800 JavaThread "DestroyJavaVM" [_thread_blocked, id=8963, stack(0x000070000482c000,0x0000700004a2c000)]
  0x00007fb0a713d800 JavaThread "TimerQueue" daemon [_thread_blocked, id=36359, stack(0x0000700008aaa000,0x0000700008caa000)]
  0x00007fb0a7133000 JavaThread "Worker-JM" [_thread_blocked, id=59203, stack(0x00007000088a7000,0x0000700008aa7000)]
  0x00007fb0a6712800 JavaThread "Framework Event Dispatcher" daemon [_thread_blocked, id=32011, stack(0x00007000086a4000,0x00007000088a4000)]
  0x00007fb0a7630000 JavaThread "Deadlock Detector" [_thread_blocked, id=60191, stack(0x00007000084a1000,0x00007000086a1000)]
  0x00007fb0a772c800 JavaThread "Thread-3" daemon [_thread_blocked, id=70447, stack(0x000070000829e000,0x000070000849e000)]
  0x00007fb0a6d56800 JavaThread "File Watcher" daemon [_thread_blocked, id=64535, stack(0x000070000809b000,0x000070000829b000)]
  0x00007fb0a4641000 JavaThread "Thread-1" daemon [_thread_in_native, id=72451, stack(0x0000700007a92000,0x0000700007c92000)]
  0x00007fb0a2fa7000 JavaThread "State Data Manager" daemon [_thread_blocked, id=74207, stack(0x0000700007286000,0x0000700007486000)]
  0x00007fb0a6472000 JavaThread "Framework Active Thread" [_thread_blocked, id=74355, stack(0x0000700007083000,0x0000700007283000)]
  0x00007fb0a4141000 JavaThread "AWT-EventQueue-0" [_thread_blocked, id=57099, stack(0x0000700006dfd000,0x0000700006ffd000)]
  0x00007fb0a425c800 JavaThread "Java2D Disposer" daemon [_thread_blocked, id=79379, stack(0x0000700006bfa000,0x0000700006dfa000)]
=>0x00007fb0a424a000 JavaThread "Java2D Queue Flusher" daemon [_thread_in_native, id=52999, stack(0x00007000069f7000,0x0000700006bf7000)]
  0x00007fb0a3119000 JavaThread "AWT-Shutdown" [_thread_blocked, id=26667, stack(0x0000700005f5c000,0x000070000615c000)]
  0x00007fb0a2b15000 JavaThread "AppKit Thread" daemon [_thread_in_native, id=775, stack(0x00007ffee55a9000,0x00007ffee5da9000)]
  0x00007fb0a2984800 JavaThread "CLI Requests Server" daemon [_thread_in_native, id=15363, stack(0x0000700005d59000,0x0000700005f59000)]
  0x00007fb0a4143000 JavaThread "Active Reference Queue Daemon" daemon [_thread_blocked, id=17411, stack(0x0000700005b56000,0x0000700005d56000)]
  0x00007fb0a304e800 JavaThread "Service Thread" daemon [_thread_blocked, id=18179, stack(0x0000700005850000,0x0000700005a50000)]
  0x00007fb0a304c800 JavaThread "C1 CompilerThread2" daemon [_thread_blocked, id=18691, stack(0x000070000574d000,0x000070000584d000)]
  0x00007fb0a3806800 JavaThread "C2 CompilerThread1" daemon [_thread_blocked, id=19203, stack(0x000070000564a000,0x000070000574a000)]
  0x00007fb0a2823800 JavaThread "C2 CompilerThread0" daemon [_thread_blocked, id=14851, stack(0x0000700005547000,0x0000700005647000)]
  0x00007fb0a2848000 JavaThread "Signal Dispatcher" daemon [_thread_blocked, id=14339, stack(0x0000700005344000,0x0000700005544000)]
  0x00007fb0a2817000 JavaThread "Finalizer" daemon [_thread_blocked, id=12291, stack(0x0000700005141000,0x0000700005341000)]
  0x00007fb0a2816800 JavaThread "Reference Handler" daemon [_thread_blocked, id=20995, stack(0x0000700004f3e000,0x000070000513e000)]

Other Threads:
  0x00007fb0a3044800 VMThread [stack: 0x0000700004e3b000,0x0000700004f3b000] [id=11523]
  0x00007fb0a304f800 WatcherThread [stack: 0x0000700005a53000,0x0000700005b53000] [id=15107]

VM state:not at safepoint (normal execution)

VM Mutex/Monitor currently owned by a thread: None

heap address: 0x0000000780000000, size: 1024 MB, Compressed Oops mode: Zero based, Oop shift amount: 3
Narrow klass base: 0x0000000000000000, Narrow klass shift: 3
Compressed class space size: 1073741824 Address: 0x00000007c0000000

Heap:
 PSYoungGen      total 272384K, used 24717K [0x00000007aab00000, 0x00000007c0000000, 0x00000007c0000000)
  eden space 219648K, 9% used [0x00000007aab00000,0x00000007abe7f5a0,0x00000007b8180000)
  from space 52736K, 9% used [0x00000007b8180000,0x00000007b8623fa8,0x00000007bb500000)
  to   space 52736K, 0% used [0x00000007bcc80000,0x00000007bcc80000,0x00000007c0000000)
 ParOldGen       total 687104K, used 561469K [0x0000000780000000, 0x00000007a9f00000, 0x00000007aab00000)
  object space 687104K, 81% used [0x0000000780000000,0x00000007a244f5b0,0x00000007a9f00000)
 Metaspace       used 204333K, capacity 227099K, committed 227456K, reserved 1247232K
  class space    used 24105K, capacity 30302K, committed 30336K, reserved 1048576K

Card table byte_map: [0x000000010bb79000,0x000000010bd7a000] byte_map_base: 0x0000000107f79000

Marking Bits: (ParMarkBitMap*) 0x000000010b0fbe40
 Begin Bits: [0x000000010bed0000, 0x000000010ced0000)
 End Bits:   [0x000000010ced0000, 0x000000010ded0000)

Polling page: 0x0000000109f11000

CodeCache: size=245760Kb used=172510Kb max_used=176148Kb free=73249Kb
 bounds [0x00000001171ca000, 0x000000012268a000, 0x00000001261ca000]
 total_blobs=32986 nmethods=31878 adapters=1015
 compilation: enabled

Compilation events (10 events):
Event: 81810.891 Thread 0x00007fb0a2823800 86513       4       sun.font.StandardGlyphVector::getLayoutFlags (149 bytes)
Event: 81810.895 Thread 0x00007fb0a2823800 nmethod 86513 0x000000011be997d0 code [0x000000011be99920, 0x000000011be99b58]
Event: 81810.925 Thread 0x00007fb0a3806800 86514       4       java.awt.geom.Rectangle2D::intersects (85 bytes)
Event: 81810.927 Thread 0x00007fb0a2823800 86515       4       java.awt.geom.Rectangle2D$Double::isEmpty (24 bytes)
Event: 81810.929 Thread 0x00007fb0a2823800 nmethod 86515 0x000000011c2fae90 code [0x000000011c2fafe0, 0x000000011c2fb0b8]
Event: 81810.929 Thread 0x00007fb0a3806800 nmethod 86514 0x000000011df6dc50 code [0x000000011df6dde0, 0x000000011df6e258]
Event: 81810.931 Thread 0x00007fb0a304c800 86516       1       java.awt.BasicStroke::getDashPhase (5 bytes)
Event: 81810.931 Thread 0x00007fb0a304c800 nmethod 86516 0x000000011b754050 code [0x000000011b7541a0, 0x000000011b7542b0]
Event: 81812.498 Thread 0x00007fb0a304c800 86517       1       java.util.Timer::access$000 (5 bytes)
Event: 81812.499 Thread 0x00007fb0a304c800 nmethod 86517 0x000000011b753d10 code [0x000000011b753e60, 0x000000011b753f50]

GC Heap History (10 events):
Event: 80687.243 GC heap before
{Heap before GC invocations=2237 (full 44):
 PSYoungGen      total 289792K, used 237349K [0x00000007aab00000, 0x00000007bfe80000, 0x00000007c0000000)
  eden space 236032K, 100% used [0x00000007aab00000,0x00000007b9180000,0x00000007b9180000)
  from space 53760K, 2% used [0x00000007bc700000,0x00000007bc849498,0x00000007bfb80000)
  to   space 54784K, 0% used [0x00000007b9180000,0x00000007b9180000,0x00000007bc700000)
 ParOldGen       total 687104K, used 504391K [0x0000000780000000, 0x00000007a9f00000, 0x00000007aab00000)
  object space 687104K, 73% used [0x0000000780000000,0x000000079ec91fd8,0x00000007a9f00000)
 Metaspace       used 204281K, capacity 226995K, committed 227200K, reserved 1247232K
  class space    used 24099K, capacity 30270K, committed 30336K, reserved 1048576K
Event: 80687.262 GC heap after
Heap after GC invocations=2237 (full 44):
 PSYoungGen      total 290816K, used 26087K [0x00000007aab00000, 0x00000007bfe00000, 0x00000007c0000000)
  eden space 236032K, 0% used [0x00000007aab00000,0x00000007aab00000,0x00000007b9180000)
  from space 54784K, 47% used [0x00000007b9180000,0x00000007baaf9d48,0x00000007bc700000)
  to   space 53248K, 0% used [0x00000007bca00000,0x00000007bca00000,0x00000007bfe00000)
 ParOldGen       total 687104K, used 505182K [0x0000000780000000, 0x00000007a9f00000, 0x00000007aab00000)
  object space 687104K, 73% used [0x0000000780000000,0x000000079ed57800,0x00000007a9f00000)
 Metaspace       used 204281K, capacity 226995K, committed 227200K, reserved 1247232K
  class space    used 24099K, capacity 30270K, committed 30336K, reserved 1048576K
}
Event: 80697.926 GC heap before
{Heap before GC invocations=2238 (full 44):
 PSYoungGen      total 290816K, used 262119K [0x00000007aab00000, 0x00000007bfe00000, 0x00000007c0000000)
  eden space 236032K, 100% used [0x00000007aab00000,0x00000007b9180000,0x00000007b9180000)
  from space 54784K, 47% used [0x00000007b9180000,0x00000007baaf9d48,0x00000007bc700000)
  to   space 53248K, 0% used [0x00000007bca00000,0x00000007bca00000,0x00000007bfe00000)
 ParOldGen       total 687104K, used 505182K [0x0000000780000000, 0x00000007a9f00000, 0x00000007aab00000)
  object space 687104K, 73% used [0x0000000780000000,0x000000079ed57800,0x00000007a9f00000)
 Metaspace       used 204281K, capacity 226995K, committed 227200K, reserved 1247232K
  class space    used 24099K, capacity 30270K, committed 30336K, reserved 1048576K
Event: 80697.947 GC heap after
Heap after GC invocations=2238 (full 44):
 PSYoungGen      total 266240K, used 19296K [0x00000007aab00000, 0x00000007bed80000, 0x00000007c0000000)
  eden space 229888K, 0% used [0x00000007aab00000,0x00000007aab00000,0x00000007b8b80000)
  from space 36352K, 53% used [0x00000007bca00000,0x00000007bdcd8010,0x00000007bed80000)
  to   space 50176K, 0% used [0x00000007b8b80000,0x00000007b8b80000,0x00000007bbc80000)
 ParOldGen       total 687104K, used 511023K [0x0000000780000000, 0x00000007a9f00000, 0x00000007aab00000)
  object space 687104K, 74% used [0x0000000780000000,0x000000079f30bc60,0x00000007a9f00000)
 Metaspace       used 204281K, capacity 226995K, committed 227200K, reserved 1247232K
  class space    used 24099K, capacity 30270K, committed 30336K, reserved 1048576K
}
Event: 80754.099 GC heap before
{Heap before GC invocations=2239 (full 44):
 PSYoungGen      total 266240K, used 249184K [0x00000007aab00000, 0x00000007bed80000, 0x00000007c0000000)
  eden space 229888K, 100% used [0x00000007aab00000,0x00000007b8b80000,0x00000007b8b80000)
  from space 36352K, 53% used [0x00000007bca00000,0x00000007bdcd8010,0x00000007bed80000)
  to   space 50176K, 0% used [0x00000007b8b80000,0x00000007b8b80000,0x00000007bbc80000)
 ParOldGen       total 687104K, used 511023K [0x0000000780000000, 0x00000007a9f00000, 0x00000007aab00000)
  object space 687104K, 74% used [0x0000000780000000,0x000000079f30bc60,0x00000007a9f00000)
 Metaspace       used 204287K, capacity 226995K, committed 227200K, reserved 1247232K
  class space    used 24099K, capacity 30270K, committed 30336K, reserved 1048576K
Event: 80754.116 GC heap after
Heap after GC invocations=2239 (full 44):
 PSYoungGen      total 248832K, used 24982K [0x00000007aab00000, 0x00000007be480000, 0x00000007c0000000)
  eden space 223744K, 0% used [0x00000007aab00000,0x00000007aab00000,0x00000007b8580000)
  from space 25088K, 99% used [0x00000007b8b80000,0x00000007ba3e5810,0x00000007ba400000)
  to   space 48640K, 0% used [0x00000007bb500000,0x00000007bb500000,0x00000007be480000)
 ParOldGen       total 687104K, used 511071K [0x0000000780000000, 0x00000007a9f00000, 0x00000007aab00000)
  object space 687104K, 74% used [0x0000000780000000,0x000000079f317c70,0x00000007a9f00000)
 Metaspace       used 204287K, capacity 226995K, committed 227200K, reserved 1247232K
  class space    used 24099K, capacity 30270K, committed 30336K, reserved 1048576K
}
Event: 80754.622 GC heap before
{Heap before GC invocations=2240 (full 44):
 PSYoungGen      total 248832K, used 248726K [0x00000007aab00000, 0x00000007be480000, 0x00000007c0000000)
  eden space 223744K, 100% used [0x00000007aab00000,0x00000007b8580000,0x00000007b8580000)
  from space 25088K, 99% used [0x00000007b8b80000,0x00000007ba3e5810,0x00000007ba400000)
  to   space 48640K, 0% used [0x00000007bb500000,0x00000007bb500000,0x00000007be480000)
 ParOldGen       total 687104K, used 511071K [0x0000000780000000, 0x00000007a9f00000, 0x00000007aab00000)
  object space 687104K, 74% used [0x0000000780000000,0x000000079f317c70,0x00000007a9f00000)
 Metaspace       used 204287K, capacity 226995K, committed 227200K, reserved 1247232K
  class space    used 24099K, capacity 30270K, committed 30336K, reserved 1048576K
Event: 80754.651 GC heap after
Heap after GC invocations=2240 (full 44):
 PSYoungGen      total 268288K, used 39074K [0x00000007aab00000, 0x00000007c0000000, 0x00000007c0000000)
  eden space 219648K, 0% used [0x00000007aab00000,0x00000007aab00000,0x00000007b8180000)
  from space 48640K, 80% used [0x00000007bb500000,0x00000007bdb28940,0x00000007be480000)
  to   space 52736K, 0% used [0x00000007b8180000,0x00000007b8180000,0x00000007bb500000)
 ParOldGen       total 687104K, used 535829K [0x0000000780000000, 0x00000007a9f00000, 0x00000007aab00000)
  object space 687104K, 77% used [0x0000000780000000,0x00000007a0b455b0,0x00000007a9f00000)
 Metaspace       used 204287K, capacity 226995K, committed 227200K, reserved 1247232K
  class space    used 24099K, capacity 30270K, committed 30336K, reserved 1048576K
}
Event: 81812.189 GC heap before
{Heap before GC invocations=2241 (full 44):
 PSYoungGen      total 268288K, used 258722K [0x00000007aab00000, 0x00000007c0000000, 0x00000007c0000000)
  eden space 219648K, 100% used [0x00000007aab00000,0x00000007b8180000,0x00000007b8180000)
  from space 48640K, 80% used [0x00000007bb500000,0x00000007bdb28940,0x00000007be480000)
  to   space 52736K, 0% used [0x00000007b8180000,0x00000007b8180000,0x00000007bb500000)
 ParOldGen       total 687104K, used 535829K [0x0000000780000000, 0x00000007a9f00000, 0x00000007aab00000)
  object space 687104K, 77% used [0x0000000780000000,0x00000007a0b455b0,0x00000007a9f00000)
 Metaspace       used 204332K, capacity 227099K, committed 227456K, reserved 1247232K
  class space    used 24105K, capacity 30302K, committed 30336K, reserved 1048576K
Event: 81812.497 GC heap after
Heap after GC invocations=2241 (full 44):
 PSYoungGen      total 272384K, used 4751K [0x00000007aab00000, 0x00000007c0000000, 0x00000007c0000000)
  eden space 219648K, 0% used [0x00000007aab00000,0x00000007aab00000,0x00000007b8180000)
  from space 52736K, 9% used [0x00000007b8180000,0x00000007b8623fa8,0x00000007bb500000)
  to   space 52736K, 0% used [0x00000007bcc80000,0x00000007bcc80000,0x00000007c0000000)
 ParOldGen       total 687104K, used 561469K [0x0000000780000000, 0x00000007a9f00000, 0x00000007aab00000)
  object space 687104K, 81% used [0x0000000780000000,0x00000007a244f5b0,0x00000007a9f00000)
 Metaspace       used 204332K, capacity 227099K, committed 227456K, reserved 1247232K
  class space    used 24105K, capacity 30302K, committed 30336K, reserved 1048576K
}

Deoptimization events (10 events):
Event: 81541.095 Thread 0x00007fb0a4141000 Uncommon trap: reason=bimorphic action=maybe_recompile pc=0x000000011a2c26dc method=sun.java2d.SunGraphics2D.fill(Ljava/awt/Shape;)V @ 6
Event: 81541.145 Thread 0x00007fb0a4141000 Uncommon trap: reason=class_check action=maybe_recompile pc=0x000000011739e724 method=java.awt.geom.RectangularShape.intersects(Ljava/awt/geom/Rectangle2D;)Z @ 17
Event: 81541.255 Thread 0x00007fb0a4141000 Uncommon trap: reason=unstable_if action=reinterpret pc=0x00000001187e6488 method=sun.java2d.pipe.BufferedRenderPipe.fill(Lsun/java2d/SunGraphics2D;Ljava/awt/Shape;)V @ 4
Event: 81541.274 Thread 0x00007fb0a4141000 Uncommon trap: reason=unstable_if action=reinterpret pc=0x0000000118cdc324 method=sun.java2d.pipe.LoopPipe.getStrokeSpans(Lsun/java2d/SunGraphics2D;Ljava/awt/Shape;)Lsun/java2d/pipe/ShapeSpanIterator; @ 35
Event: 81541.408 Thread 0x00007fb0a4141000 Uncommon trap: reason=class_check action=maybe_recompile pc=0x000000011c3fdf8c method=java.awt.Image.flush()V @ 11
Event: 81541.408 Thread 0x00007fb0a4141000 Uncommon trap: reason=class_check action=maybe_recompile pc=0x000000011c3fdf8c method=java.awt.Image.flush()V @ 11
Event: 81809.627 Thread 0x00007fb0a4141000 Uncommon trap: reason=unstable_if action=reinterpret pc=0x000000011d2c2b0c method=javax.swing.RepaintManager.getVolatileOffscreenBuffer(Ljava/awt/Component;II)Ljava/awt/Image; @ 199
Event: 81809.627 Thread 0x00007fb0a4141000 Uncommon trap: reason=class_check action=maybe_recompile pc=0x000000011c3fdf8c method=java.awt.Image.flush()V @ 11
Event: 81810.265 Thread 0x00007fb0a4141000 Uncommon trap: reason=unstable_if action=reinterpret pc=0x000000012021bab0 method=sun.java2d.SunGraphics2D.transformShape(IILjava/awt/Shape;)Ljava/awt/Shape; @ 71
Event: 81810.265 Thread 0x00007fb0a4141000 Uncommon trap: reason=unstable_if action=reinterpret pc=0x000000011fac1798 method=sun.font.GlyphList.getInstance()Lsun/font/GlyphList; @ 3

Classes redefined (0 events):
No events

Internal exceptions (10 events):
Event: 80753.221 Thread 0x00007fb0a74a1000 Exception <a 'java/io/FileNotFoundException'> (0x00000007aaf61308) thrown at [/Users/java_re/workspace/8-2-build-macosx-x86_64/jdk8u202/12323/hotspot/src/share/vm/prims/jni.cpp, line 710]
Event: 80753.221 Thread 0x00007fb0a74a1000 Exception <a 'java/io/FileNotFoundException'> (0x00000007aaf68670) thrown at [/Users/java_re/workspace/8-2-build-macosx-x86_64/jdk8u202/12323/hotspot/src/share/vm/prims/jni.cpp, line 710]
Event: 80753.223 Thread 0x00007fb0a74a1000 Exception <a 'java/io/FileNotFoundException'> (0x00000007aaf92040) thrown at [/Users/java_re/workspace/8-2-build-macosx-x86_64/jdk8u202/12323/hotspot/src/share/vm/prims/jni.cpp, line 710]
Event: 80753.223 Thread 0x00007fb0a74a1000 Exception <a 'java/io/FileNotFoundException'> (0x00000007aaf94ee0) thrown at [/Users/java_re/workspace/8-2-build-macosx-x86_64/jdk8u202/12323/hotspot/src/share/vm/prims/jni.cpp, line 710]
Event: 80753.224 Thread 0x00007fb0a74a1000 Exception <a 'java/io/FileNotFoundException'> (0x00000007aaf9c490) thrown at [/Users/java_re/workspace/8-2-build-macosx-x86_64/jdk8u202/12323/hotspot/src/share/vm/prims/jni.cpp, line 710]
Event: 80753.224 Thread 0x00007fb0a74a1000 Exception <a 'java/io/FileNotFoundException'> (0x00000007aaf9f4a0) thrown at [/Users/java_re/workspace/8-2-build-macosx-x86_64/jdk8u202/12323/hotspot/src/share/vm/prims/jni.cpp, line 710]
Event: 80754.473 Thread 0x00007fb0a74a1000 Exception <a 'java/io/FileNotFoundException'> (0x00000007b73dc2a0) thrown at [/Users/java_re/workspace/8-2-build-macosx-x86_64/jdk8u202/12323/hotspot/src/share/vm/prims/jni.cpp, line 710]
Event: 81536.151 Thread 0x00007fb0a2b15000 Implicit null exception at 0x00000001207a02d1 to 0x00000001207a22c1
Event: 81536.845 Thread 0x00007fb0a4141000 Implicit null exception at 0x000000011a38887a to 0x000000011a38908c
Event: 81539.960 Thread 0x00007fb0a4141000 Implicit null exception at 0x000000011e89e656 to 0x000000011e8a6019

Events (10 events):
Event: 81810.266 Thread 0x00007fb0a4141000 DEOPT UNPACKING pc=0x000000011720f73a sp=0x0000700006ff87e8 mode 2
Event: 81810.876 Thread 0x00007fb0aae99000 Thread added: 0x00007fb0aae99000
Event: 81810.884 Thread 0x00007fb0a3806800 flushing nmethod 0x00000001175f0650
Event: 81810.930 Thread 0x00007fb0a2823800 flushing nmethod 0x0000000117f43dd0
Event: 81811.085 Executing VM operation: RevokeBias
Event: 81811.087 Executing VM operation: RevokeBias done
Event: 81811.590 Executing VM operation: FindDeadlocks
Event: 81811.591 Executing VM operation: FindDeadlocks done
Event: 81812.182 Executing VM operation: ParallelGCFailedAllocation
Event: 81812.497 Executing VM operation: ParallelGCFailedAllocation done


Dynamic libraries:
0x00007fff3d97a000 	/System/Library/Frameworks/Cocoa.framework/Versions/A/Cocoa
0x00007fff4971f000 	/System/Library/Frameworks/Security.framework/Versions/A/Security
0x00007fff3c60d000 	/System/Library/Frameworks/ApplicationServices.framework/Versions/A/ApplicationServices
0x00007fff69832000 	/usr/lib/libz.1.dylib
0x00007fff6718c000 	/usr/lib/libSystem.B.dylib
0x00007fff689c3000 	/usr/lib/libobjc.A.dylib
0x00007fff3e1ef000 	/System/Library/Frameworks/CoreFoundation.framework/Versions/A/CoreFoundation
0x00007fff40472000 	/System/Library/Frameworks/Foundation.framework/Versions/C/Foundation
0x00007fff3b806000 	/System/Library/Frameworks/AppKit.framework/Versions/C/AppKit
0x00007fff3dd78000 	/System/Library/Frameworks/CoreData.framework/Versions/A/CoreData
0x00007fff60c52000 	/System/Library/PrivateFrameworks/RemoteViewServices.framework/Versions/A/RemoteViewServices
0x00007fff64ec9000 	/System/Library/PrivateFrameworks/UIFoundation.framework/Versions/A/UIFoundation
0x00007fff665ad000 	/System/Library/PrivateFrameworks/XCTTargetBootstrap.framework/Versions/A/XCTTargetBootstrap
0x00007fff3e0fe000 	/System/Library/Frameworks/CoreDisplay.framework/Versions/A/CoreDisplay
0x00007fff5b967000 	/System/Library/PrivateFrameworks/IconServices.framework/Versions/A/IconServices
0x00007fff42d93000 	/System/Library/Frameworks/Metal.framework/Versions/A/Metal
0x00007fff52eaa000 	/System/Library/PrivateFrameworks/DesktopServicesPriv.framework/Versions/A/DesktopServicesPriv
0x00007fff67d26000 	/usr/lib/libenergytrace.dylib
0x00007fff633b0000 	/System/Library/PrivateFrameworks/SkyLight.framework/Versions/A/SkyLight
0x00007fff3e636000 	/System/Library/Frameworks/CoreGraphics.framework/Versions/A/CoreGraphics
0x00007fff3a5d2000 	/System/Library/Frameworks/Accelerate.framework/Versions/A/Accelerate
0x00007fff40bbb000 	/System/Library/Frameworks/IOSurface.framework/Versions/A/IOSurface
0x00007fff52d16000 	/System/Library/PrivateFrameworks/DFRFoundation.framework/Versions/A/DFRFoundation
0x00007fff3caf0000 	/System/Library/Frameworks/AudioToolbox.framework/Versions/A/AudioToolbox
0x00007fff3cd69000 	/System/Library/Frameworks/AudioUnit.framework/Versions/A/AudioUnit
0x00007fff52dab000 	/System/Library/PrivateFrameworks/DataDetectorsCore.framework/Versions/A/DataDetectorsCore
0x00007fff3d47d000 	/System/Library/Frameworks/Carbon.framework/Versions/A/Frameworks/HIToolbox.framework/Versions/A/HIToolbox
0x00007fff67e7f000 	/usr/lib/libicucore.A.dylib
0x00007fff48c92000 	/System/Library/Frameworks/QuartzCore.framework/Versions/A/QuartzCore
0x00007fff3d852000 	/System/Library/Frameworks/Carbon.framework/Versions/A/Frameworks/SpeechRecognition.framework/Versions/A/SpeechRecognition
0x00007fff672e0000 	/usr/lib/libauto.dylib
0x00007fff69726000 	/usr/lib/libxml2.2.dylib
0x00007fff528f1000 	/System/Library/PrivateFrameworks/CoreUI.framework/Versions/A/CoreUI
0x00007fff3dc63000 	/System/Library/Frameworks/CoreAudio.framework/Versions/A/CoreAudio
0x00007fff402a7000 	/System/Library/Frameworks/DiskArbitration.framework/Versions/A/DiskArbitration
0x00007fff6812d000 	/usr/lib/liblangid.dylib
0x00007fff5cd97000 	/System/Library/PrivateFrameworks/MultitouchSupport.framework/Versions/A/MultitouchSupport
0x00007fff40b2a000 	/System/Library/Frameworks/IOKit.framework/Versions/A/IOKit
0x00007fff66d4c000 	/usr/lib/libDiagnosticMessagesClient.dylib
0x00007fff3f445000 	/System/Library/Frameworks/CoreServices.framework/Versions/A/CoreServices
0x00007fff5ea51000 	/System/Library/PrivateFrameworks/PerformanceAnalysis.framework/Versions/A/PerformanceAnalysis
0x00007fff47e80000 	/System/Library/Frameworks/OpenGL.framework/Versions/A/OpenGL
0x00007fff3d988000 	/System/Library/Frameworks/ColorSync.framework/Versions/A/ColorSync
0x00007fff3ecc7000 	/System/Library/Frameworks/CoreImage.framework/Versions/A/CoreImage
0x00007fff3fe1d000 	/System/Library/Frameworks/CoreText.framework/Versions/A/CoreText
0x00007fff40c1e000 	/System/Library/Frameworks/ImageIO.framework/Versions/A/ImageIO
0x00007fff4ef43000 	/System/Library/PrivateFrameworks/Backup.framework/Versions/A/Backup
0x00007fff67233000 	/usr/lib/libarchive.2.dylib
0x00007fff3d0c2000 	/System/Library/Frameworks/CFNetwork.framework/Versions/A/CFNetwork
0x00007fff49e7b000 	/System/Library/Frameworks/SystemConfiguration.framework/Versions/A/SystemConfiguration
0x00007fff66c7d000 	/usr/lib/libCRFSuite.dylib
0x00007fff673cf000 	/usr/lib/libc++.1.dylib
0x00007fff67423000 	/usr/lib/libc++abi.dylib
0x00007fff6a028000 	/usr/lib/system/libcache.dylib
0x00007fff6a02d000 	/usr/lib/system/libcommonCrypto.dylib
0x00007fff6a038000 	/usr/lib/system/libcompiler_rt.dylib
0x00007fff6a040000 	/usr/lib/system/libcopyfile.dylib
0x00007fff6a04a000 	/usr/lib/system/libcorecrypto.dylib
0x00007fff6a155000 	/usr/lib/system/libdispatch.dylib
0x00007fff6a18f000 	/usr/lib/system/libdyld.dylib
0x00007fff6a1bc000 	/usr/lib/system/libkeymgr.dylib
0x00007fff6a1ca000 	/usr/lib/system/liblaunch.dylib
0x00007fff6a1cb000 	/usr/lib/system/libmacho.dylib
0x00007fff6a1d1000 	/usr/lib/system/libquarantine.dylib
0x00007fff6a1d4000 	/usr/lib/system/libremovefile.dylib
0x00007fff6a1d6000 	/usr/lib/system/libsystem_asl.dylib
0x00007fff6a1ee000 	/usr/lib/system/libsystem_blocks.dylib
0x00007fff6a1ef000 	/usr/lib/system/libsystem_c.dylib
0x00007fff6a277000 	/usr/lib/system/libsystem_configuration.dylib
0x00007fff6a27b000 	/usr/lib/system/libsystem_coreservices.dylib
0x00007fff6a27f000 	/usr/lib/system/libsystem_darwin.dylib
0x00007fff6a286000 	/usr/lib/system/libsystem_dnssd.dylib
0x00007fff6a28d000 	/usr/lib/system/libsystem_info.dylib
0x00007fff6a302000 	/usr/lib/system/libsystem_m.dylib
0x00007fff6a34e000 	/usr/lib/system/libsystem_malloc.dylib
0x00007fff6a379000 	/usr/lib/system/libsystem_networkextension.dylib
0x00007fff6a384000 	/usr/lib/system/libsystem_notify.dylib
0x00007fff6a3a1000 	/usr/lib/system/libsystem_sandbox.dylib
0x00007fff6a3a5000 	/usr/lib/system/libsystem_secinit.dylib
0x00007fff6a2d9000 	/usr/lib/system/libsystem_kernel.dylib
0x00007fff6a38c000 	/usr/lib/system/libsystem_platform.dylib
0x00007fff6a396000 	/usr/lib/system/libsystem_pthread.dylib
0x00007fff6a3a8000 	/usr/lib/system/libsystem_symptoms.dylib
0x00007fff6a3b0000 	/usr/lib/system/libsystem_trace.dylib
0x00007fff6a3c7000 	/usr/lib/system/libunwind.dylib
0x00007fff6a3cd000 	/usr/lib/system/libxpc.dylib
0x00007fff673b0000 	/usr/lib/libbsm.0.dylib
0x00007fff6a1bd000 	/usr/lib/system/libkxld.dylib
0x00007fff4e334000 	/System/Library/PrivateFrameworks/AppleFSCompression.framework/Versions/A/AppleFSCompression
0x00007fff6704c000 	/usr/lib/libOpenScriptingUtil.dylib
0x00007fff676d8000 	/usr/lib/libcoretls.dylib
0x00007fff676ef000 	/usr/lib/libcoretls_cfhelpers.dylib
0x00007fff6915a000 	/usr/lib/libpam.2.dylib
0x00007fff6931a000 	/usr/lib/libsqlite3.dylib
0x00007fff69714000 	/usr/lib/libxar.1.dylib
0x00007fff673c1000 	/usr/lib/libbz2.1.0.dylib
0x00007fff6812f000 	/usr/lib/liblzma.5.dylib
0x00007fff685e0000 	/usr/lib/libnetwork.dylib
0x00007fff6721c000 	/usr/lib/libapple_nghttp2.dylib
0x00007fff69161000 	/usr/lib/libpcap.A.dylib
0x00007fff3f7e4000 	/System/Library/Frameworks/CoreServices.framework/Versions/A/Frameworks/FSEvents.framework/Versions/A/FSEvents
0x00007fff3f4c3000 	/System/Library/Frameworks/CoreServices.framework/Versions/A/Frameworks/CarbonCore.framework/Versions/A/CarbonCore
0x00007fff3f99f000 	/System/Library/Frameworks/CoreServices.framework/Versions/A/Frameworks/Metadata.framework/Versions/A/Metadata
0x00007fff3fa3e000 	/System/Library/Frameworks/CoreServices.framework/Versions/A/Frameworks/OSServices.framework/Versions/A/OSServices
0x00007fff3fa89000 	/System/Library/Frameworks/CoreServices.framework/Versions/A/Frameworks/SearchKit.framework/Versions/A/SearchKit
0x00007fff3f446000 	/System/Library/Frameworks/CoreServices.framework/Versions/A/Frameworks/AE.framework/Versions/A/AE
0x00007fff3f7ed000 	/System/Library/Frameworks/CoreServices.framework/Versions/A/Frameworks/LaunchServices.framework/Versions/A/LaunchServices
0x00007fff3f79b000 	/System/Library/Frameworks/CoreServices.framework/Versions/A/Frameworks/DictionaryServices.framework/Versions/A/DictionaryServices
0x00007fff3faf1000 	/System/Library/Frameworks/CoreServices.framework/Versions/A/Frameworks/SharedFileList.framework/Versions/A/SharedFileList
0x00007fff43e5b000 	/System/Library/Frameworks/NetFS.framework/Versions/A/NetFS
0x00007fff5cffd000 	/System/Library/PrivateFrameworks/NetAuth.framework/Versions/A/NetAuth
0x00007fff669b1000 	/System/Library/PrivateFrameworks/login.framework/Versions/A/Frameworks/loginsupport.framework/Versions/A/loginsupport
0x00007fff64ad2000 	/System/Library/PrivateFrameworks/TCC.framework/Versions/A/TCC
0x00007fff51f4e000 	/System/Library/PrivateFrameworks/CoreNLP.framework/Versions/A/CoreNLP
0x00007fff5ca6d000 	/System/Library/PrivateFrameworks/MetadataUtilities.framework/Versions/A/MetadataUtilities
0x00007fff68204000 	/usr/lib/libmecabra.dylib
0x00007fff3c60e000 	/System/Library/Frameworks/ApplicationServices.framework/Versions/A/Frameworks/ATS.framework/Versions/A/ATS
0x00007fff3c95d000 	/System/Library/Frameworks/ApplicationServices.framework/Versions/A/Frameworks/ColorSyncLegacy.framework/Versions/A/ColorSyncLegacy
0x00007fff3c9fc000 	/System/Library/Frameworks/ApplicationServices.framework/Versions/A/Frameworks/HIServices.framework/Versions/A/HIServices
0x00007fff3ca4f000 	/System/Library/Frameworks/ApplicationServices.framework/Versions/A/Frameworks/LangAnalysis.framework/Versions/A/LangAnalysis
0x00007fff3ca5f000 	/System/Library/Frameworks/ApplicationServices.framework/Versions/A/Frameworks/PrintCore.framework/Versions/A/PrintCore
0x00007fff3caa9000 	/System/Library/Frameworks/ApplicationServices.framework/Versions/A/Frameworks/QD.framework/Versions/A/QD
0x00007fff3cae3000 	/System/Library/Frameworks/ApplicationServices.framework/Versions/A/Frameworks/SpeechSynthesis.framework/Versions/A/SpeechSynthesis
0x00007fff6744b000 	/usr/lib/libcompression.dylib
0x00007fff43063000 	/System/Library/Frameworks/MetalPerformanceShaders.framework/Versions/A/MetalPerformanceShaders
0x00007fff3a5ea000 	/System/Library/Frameworks/Accelerate.framework/Versions/A/Frameworks/vImage.framework/Versions/A/vImage
0x00007fff3b664000 	/System/Library/Frameworks/Accelerate.framework/Versions/A/Frameworks/vecLib.framework/Versions/A/vecLib
0x00007fff3b5b0000 	/System/Library/Frameworks/Accelerate.framework/Versions/A/Frameworks/vecLib.framework/Versions/A/libvMisc.dylib
0x00007fff3b3c8000 	/System/Library/Frameworks/Accelerate.framework/Versions/A/Frameworks/vecLib.framework/Versions/A/libvDSP.dylib
0x00007fff3ac84000 	/System/Library/Frameworks/Accelerate.framework/Versions/A/Frameworks/vecLib.framework/Versions/A/libBLAS.dylib
0x00007fff3af71000 	/System/Library/Frameworks/Accelerate.framework/Versions/A/Frameworks/vecLib.framework/Versions/A/libLAPACK.dylib
0x00007fff3b31b000 	/System/Library/Frameworks/Accelerate.framework/Versions/A/Frameworks/vecLib.framework/Versions/A/libLinearAlgebra.dylib
0x00007fff3b3b4000 	/System/Library/Frameworks/Accelerate.framework/Versions/A/Frameworks/vecLib.framework/Versions/A/libSparseBLAS.dylib
0x00007fff3b331000 	/System/Library/Frameworks/Accelerate.framework/Versions/A/Frameworks/vecLib.framework/Versions/A/libQuadrature.dylib
0x00007fff3aefe000 	/System/Library/Frameworks/Accelerate.framework/Versions/A/Frameworks/vecLib.framework/Versions/A/libBNNS.dylib
0x00007fff3b337000 	/System/Library/Frameworks/Accelerate.framework/Versions/A/Frameworks/vecLib.framework/Versions/A/libSparse.dylib
0x00007fff5929c000 	/System/Library/PrivateFrameworks/GPUWrangler.framework/Versions/A/GPUWrangler
0x00007fff5b59c000 	/System/Library/PrivateFrameworks/IOAccelerator.framework/Versions/A/IOAccelerator
0x00007fff5b5a7000 	/System/Library/PrivateFrameworks/IOPresentment.framework/Versions/A/IOPresentment
0x00007fff52d26000 	/System/Library/PrivateFrameworks/DSExternalDisplay.framework/Versions/A/DSExternalDisplay
0x00007fff472d7000 	/System/Library/Frameworks/OpenGL.framework/Versions/A/Libraries/libCoreFSCache.dylib
0x00007fff42e57000 	/System/Library/Frameworks/MetalPerformanceShaders.framework/Frameworks/MPSCore.framework/Versions/A/MPSCore
0x00007fff42e77000 	/System/Library/Frameworks/MetalPerformanceShaders.framework/Frameworks/MPSImage.framework/Versions/A/MPSImage
0x00007fff42f1c000 	/System/Library/Frameworks/MetalPerformanceShaders.framework/Frameworks/MPSNeuralNetwork.framework/Versions/A/MPSNeuralNetwork
0x00007fff42ef4000 	/System/Library/Frameworks/MetalPerformanceShaders.framework/Frameworks/MPSMatrix.framework/Versions/A/MPSMatrix
0x00007fff43048000 	/System/Library/Frameworks/MetalPerformanceShaders.framework/Frameworks/MPSRayIntersector.framework/Versions/A/MPSRayIntersector
0x00007fff5ca96000 	/System/Library/PrivateFrameworks/MetalTools.framework/Versions/A/MetalTools
0x00007fff4dbde000 	/System/Library/PrivateFrameworks/AggregateDictionary.framework/Versions/A/AggregateDictionary
0x00007fff6702c000 	/usr/lib/libMobileGestalt.dylib
0x00007fff3ff80000 	/System/Library/Frameworks/CoreVideo.framework/Versions/A/CoreVideo
0x00007fff5a0ad000 	/System/Library/PrivateFrameworks/GraphVisualizer.framework/Versions/A/GraphVisualizer
0x00007fff53f2c000 	/System/Library/PrivateFrameworks/FaceCore.framework/Versions/A/FaceCore
0x00007fff46905000 	/System/Library/Frameworks/OpenCL.framework/Versions/A/OpenCL
0x00007fff66d84000 	/usr/lib/libFosl_dynamic.dylib
0x00007fff5d868000 	/System/Library/PrivateFrameworks/OTSVG.framework/Versions/A/OTSVG
0x00007fff3c712000 	/System/Library/Frameworks/ApplicationServices.framework/Versions/A/Frameworks/ATS.framework/Versions/A/Resources/libFontParser.dylib
0x00007fff3c82a000 	/System/Library/Frameworks/ApplicationServices.framework/Versions/A/Frameworks/ATS.framework/Versions/A/Resources/libFontRegistry.dylib
0x00007fff40e8c000 	/System/Library/Frameworks/ImageIO.framework/Versions/A/Resources/libJPEG.dylib
0x00007fff4119e000 	/System/Library/Frameworks/ImageIO.framework/Versions/A/Resources/libTIFF.dylib
0x00007fff41174000 	/System/Library/Frameworks/ImageIO.framework/Versions/A/Resources/libPng.dylib
0x00007fff40daa000 	/System/Library/Frameworks/ImageIO.framework/Versions/A/Resources/libGIF.dylib
0x00007fff40daf000 	/System/Library/Frameworks/ImageIO.framework/Versions/A/Resources/libJP2.dylib
0x00007fff4119b000 	/System/Library/Frameworks/ImageIO.framework/Versions/A/Resources/libRadiance.dylib
0x00007fff4e48b000 	/System/Library/PrivateFrameworks/AppleJPEG.framework/Versions/A/AppleJPEG
0x00007fff472e2000 	/System/Library/Frameworks/OpenGL.framework/Versions/A/Libraries/libGFXShared.dylib
0x00007fff474a5000 	/System/Library/Frameworks/OpenGL.framework/Versions/A/Libraries/libGLU.dylib
0x00007fff472eb000 	/System/Library/Frameworks/OpenGL.framework/Versions/A/Libraries/libGL.dylib
0x00007fff472f7000 	/System/Library/Frameworks/OpenGL.framework/Versions/A/Libraries/libGLImage.dylib
0x00007fff472d4000 	/System/Library/Frameworks/OpenGL.framework/Versions/A/Libraries/libCVMSPluginSupport.dylib
0x00007fff472dd000 	/System/Library/Frameworks/OpenGL.framework/Versions/A/Libraries/libCoreVMClient.dylib
0x00007fff67b9c000 	/usr/lib/libcups.2.dylib
0x00007fff4235e000 	/System/Library/Frameworks/Kerberos.framework/Versions/A/Kerberos
0x00007fff4088e000 	/System/Library/Frameworks/GSS.framework/Versions/A/GSS
0x00007fff692af000 	/usr/lib/libresolv.9.dylib
0x00007fff67d8e000 	/usr/lib/libiconv.2.dylib
0x00007fff5a222000 	/System/Library/PrivateFrameworks/Heimdal.framework/Versions/A/Heimdal
0x00007fff67d5e000 	/usr/lib/libheimdal-asn1.dylib
0x00007fff46979000 	/System/Library/Frameworks/OpenDirectory.framework/Versions/A/OpenDirectory
0x00007fff50cb1000 	/System/Library/PrivateFrameworks/CommonAuth.framework/Versions/A/CommonAuth
0x00007fff4695d000 	/System/Library/Frameworks/OpenDirectory.framework/Versions/A/Frameworks/CFOpenDirectory.framework/Versions/A/CFOpenDirectory
0x00007fff49a20000 	/System/Library/Frameworks/SecurityFoundation.framework/Versions/A/SecurityFoundation
0x00007fff4d124000 	/System/Library/PrivateFrameworks/APFS.framework/Versions/A/APFS
0x00007fff69710000 	/usr/lib/libutil.dylib
0x00007fff67439000 	/usr/lib/libcharset.1.dylib
0x00007fff4e728000 	/System/Library/PrivateFrameworks/AppleSauce.framework/Versions/A/AppleSauce
0x00007fff4e8a9000 	/System/Library/PrivateFrameworks/AssertionServices.framework/Versions/A/AssertionServices
0x00007fff4efd9000 	/System/Library/PrivateFrameworks/BaseBoard.framework/Versions/A/BaseBoard
0x00007fff6815f000 	/usr/lib/libmecab.1.0.0.dylib
0x00007fff67d58000 	/usr/lib/libgermantok.dylib
0x00007fff67209000 	/usr/lib/libThaiTokenizer.dylib
0x00007fff66cb4000 	/usr/lib/libChineseTokenizer.dylib
0x00007fff5bc54000 	/System/Library/PrivateFrameworks/LanguageModeling.framework/Versions/A/LanguageModeling
0x00007fff51993000 	/System/Library/PrivateFrameworks/CoreEmoji.framework/Versions/A/CoreEmoji
0x00007fff5bd30000 	/System/Library/PrivateFrameworks/Lexicon.framework/Versions/A/Lexicon
0x00007fff5bd73000 	/System/Library/PrivateFrameworks/LinguisticData.framework/Versions/A/LinguisticData
0x00007fff6743a000 	/usr/lib/libcmph.dylib
0x00007fff49ade000 	/System/Library/Frameworks/ServiceManagement.framework/Versions/A/ServiceManagement
0x00007fff4ef3a000 	/System/Library/PrivateFrameworks/BackgroundTaskManagement.framework/Versions/A/BackgroundTaskManagement
0x00007fff69809000 	/usr/lib/libxslt.1.dylib
0x00007fff3d77f000 	/System/Library/Frameworks/Carbon.framework/Versions/A/Frameworks/Ink.framework/Versions/A/Ink
0x00007fff64d44000 	/System/Library/PrivateFrameworks/TextureIO.framework/Versions/A/TextureIO
0x00007fff6725d000 	/usr/lib/libate.dylib
0x00007fff52c75000 	/System/Library/PrivateFrameworks/CrashReporterSupport.framework/Versions/A/CrashReporterSupport
0x00007fff6247e000 	/System/Library/PrivateFrameworks/Sharing.framework/Versions/A/Sharing
0x00007fff4ec8c000 	/System/Library/PrivateFrameworks/AuthKit.framework/Versions/A/AuthKit
0x00007fff4e1e0000 	/System/Library/PrivateFrameworks/Apple80211.framework/Versions/A/Apple80211
0x00007fff52a1d000 	/System/Library/PrivateFrameworks/CoreUtils.framework/Versions/A/CoreUtils
0x00007fff3ffc1000 	/System/Library/Frameworks/CoreWLAN.framework/Versions/A/CoreWLAN
0x00007fff409bd000 	/System/Library/Frameworks/IOBluetooth.framework/Versions/A/IOBluetooth
0x00007fff608f2000 	/System/Library/PrivateFrameworks/ProtocolBuffer.framework/Versions/A/ProtocolBuffer
0x00007fff5ccf3000 	/System/Library/PrivateFrameworks/MobileKeyBag.framework/Versions/A/MobileKeyBag
0x00007fff52261000 	/System/Library/PrivateFrameworks/CorePhoneNumbers.framework/Versions/A/CorePhoneNumbers
0x00007fff4e43f000 	/System/Library/PrivateFrameworks/AppleIDAuthSupport.framework/Versions/A/AppleIDAuthSupport
0x00007fff5bc27000 	/System/Library/PrivateFrameworks/KeychainCircle.framework/Versions/A/KeychainCircle
0x00007fff60aa8000 	/System/Library/PrivateFrameworks/ROCKit.framework/Versions/A/ROCKit
0x00007fff52c11000 	/System/Library/PrivateFrameworks/CoreWiFi.framework/Versions/A/CoreWiFi
0x00007fff3dd4d000 	/System/Library/Frameworks/CoreBluetooth.framework/Versions/A/CoreBluetooth
0x00007fff52e6c000 	/System/Library/PrivateFrameworks/DebugSymbols.framework/Versions/A/DebugSymbols
0x00007fff527dd000 	/System/Library/PrivateFrameworks/CoreSymbolication.framework/Versions/A/CoreSymbolication
0x00007fff6455f000 	/System/Library/PrivateFrameworks/Symbolication.framework/Versions/A/Symbolication
0x00007fff63e02000 	/System/Library/PrivateFrameworks/SpeechRecognitionCore.framework/Versions/A/SpeechRecognitionCore
0x000000010a800000 	/Library/Java/JavaVirtualMachines/jdk1.8.0_202.jdk/Contents/Home/jre/lib/server/libjvm.dylib
0x00007fff695eb000 	/usr/lib/libstdc++.6.dylib
0x0000000109ecd000 	/Library/Java/JavaVirtualMachines/jdk1.8.0_202.jdk/Contents/Home/jre/lib/libverify.dylib
0x0000000109edb000 	/Library/Java/JavaVirtualMachines/jdk1.8.0_202.jdk/Contents/Home/jre/lib/libjava.dylib
0x0000000109f1a000 	/Library/Java/JavaVirtualMachines/jdk1.8.0_202.jdk/Contents/Home/jre/lib/libzip.dylib
0x000000010fb39000 	/Library/Java/JavaVirtualMachines/jdk1.8.0_202.jdk/Contents/Home/jre/lib/libnio.dylib
0x000000010fb49000 	/Library/Java/JavaVirtualMachines/jdk1.8.0_202.jdk/Contents/Home/jre/lib/./libnet.dylib
0x000000011502b000 	/Library/Java/JavaVirtualMachines/jdk1.8.0_202.jdk/Contents/Home/jre/lib/libawt.dylib
0x00000001150d4000 	/Library/Java/JavaVirtualMachines/jdk1.8.0_202.jdk/Contents/Home/jre/lib/./libmlib_image.dylib
0x00007fff42347000 	/System/Library/Frameworks/JavaVM.framework/Versions/A/Frameworks/JavaNativeFoundation.framework/Versions/A/JavaNativeFoundation
0x00007fff42350000 	/System/Library/Frameworks/JavaVM.framework/Versions/A/Frameworks/JavaRuntimeSupport.framework/Versions/A/JavaRuntimeSupport
0x00007fff42359000 	/System/Library/Frameworks/JavaVM.framework/Versions/A/JavaVM
0x00007fff5bb46000 	/System/Library/PrivateFrameworks/JavaLaunching.framework/Versions/A/JavaLaunching
0x00007fff3d478000 	/System/Library/Frameworks/Carbon.framework/Versions/A/Carbon
0x00007fff3d479000 	/System/Library/Frameworks/Carbon.framework/Versions/A/Frameworks/CommonPanels.framework/Versions/A/CommonPanels
0x00007fff3d775000 	/System/Library/Frameworks/Carbon.framework/Versions/A/Frameworks/Help.framework/Versions/A/Help
0x00007fff3d779000 	/System/Library/Frameworks/Carbon.framework/Versions/A/Frameworks/ImageCapture.framework/Versions/A/ImageCapture
0x00007fff3d815000 	/System/Library/Frameworks/Carbon.framework/Versions/A/Frameworks/OpenScripting.framework/Versions/A/OpenScripting
0x00007fff3d84d000 	/System/Library/Frameworks/Carbon.framework/Versions/A/Frameworks/Print.framework/Versions/A/Print
0x00007fff3d84f000 	/System/Library/Frameworks/Carbon.framework/Versions/A/Frameworks/SecurityHI.framework/Versions/A/SecurityHI
0x00000001151a0000 	/Library/Java/JavaVirtualMachines/jdk1.8.0_202.jdk/Contents/Home/jre/lib/libawt_lwawt.dylib
0x000000011525b000 	/Library/Java/JavaVirtualMachines/jdk1.8.0_202.jdk/Contents/Home/jre/lib/./libosxapp.dylib
0x00007fff4044b000 	/System/Library/Frameworks/ExceptionHandling.framework/Versions/A/ExceptionHandling
0x00007fff523e5000 	/System/Library/PrivateFrameworks/CoreServicesInternal.framework/Versions/A/CoreServicesInternal
0x00007fff32950000 	/System/Library/CoreServices/RawCamera.bundle/Contents/MacOS/RawCamera
0x00007fff5cb3a000 	/System/Library/PrivateFrameworks/MobileAsset.framework/Versions/A/MobileAsset
0x00007fff644ad000 	/System/Library/PrivateFrameworks/StreamingZip.framework/Versions/A/StreamingZip
0x00007fff426eb000 	/System/Library/Frameworks/MediaToolbox.framework/Versions/A/MediaToolbox
0x00007fff51537000 	/System/Library/PrivateFrameworks/CoreAVCHD.framework/Versions/A/CoreAVCHD
0x00007fff42631000 	/System/Library/Frameworks/MediaAccessibility.framework/Versions/A/MediaAccessibility
0x00007fff5c596000 	/System/Library/PrivateFrameworks/Mangrove.framework/Versions/A/Mangrove
0x00007fff3f2e4000 	/System/Library/Frameworks/CoreMedia.framework/Versions/A/CoreMedia
0x00007fff4a147000 	/System/Library/Frameworks/VideoToolbox.framework/Versions/A/VideoToolbox
0x00007fff51153000 	/System/Library/PrivateFrameworks/CoreAUC.framework/Versions/A/CoreAUC
0x00007fff69318000 	/usr/lib/libspindump.dylib
0x00007fff4e80e000 	/System/Library/PrivateFrameworks/AppleVA.framework/Versions/A/AppleVA
0x00007fff3a5d3000 	/System/Library/Frameworks/Accelerate.framework/Versions/A/Frameworks/vImage.framework/Versions/A/Libraries/libCGInterfaces.dylib
0x00007fff3c8c6000 	/System/Library/Frameworks/ApplicationServices.framework/Versions/A/Frameworks/ATS.framework/Versions/A/Resources/libTrueTypeScaler.dylib
0x00007fff37793000 	/System/Library/Extensions/AppleIntelKBLGraphicsMTLDriver.bundle/Contents/MacOS/AppleIntelKBLGraphicsMTLDriver
0x00007fff57bfb000 	/System/Library/PrivateFrameworks/GPUCompiler.framework/Versions/3902/Libraries/libmetal_timestamp.dylib
0x00007fff54351000 	/System/Library/PrivateFrameworks/FamilyControls.framework/Versions/A/FamilyControls
0x00007fff50ca4000 	/System/Library/PrivateFrameworks/CommerceKit.framework/Versions/A/Frameworks/CommerceCore.framework/Versions/A/CommerceCore
0x00007fff64832000 	/System/Library/PrivateFrameworks/SystemAdministration.framework/Versions/A/SystemAdministration
0x00007fff4e0e1000 	/System/Library/PrivateFrameworks/AppContainer.framework/Versions/A/AppContainer
0x00007fff4e0fd000 	/System/Library/PrivateFrameworks/AppSandbox.framework/Versions/A/AppSandbox
0x00007fff6231f000 	/System/Library/PrivateFrameworks/SecCodeWrapper.framework/Versions/A/SecCodeWrapper
0x00007fff692c9000 	/usr/lib/libsandbox.1.dylib
0x00007fff66ffb000 	/usr/lib/libMatch.1.dylib
0x00007fff531f1000 	/System/Library/PrivateFrameworks/DiskManagement.framework/Versions/A/DiskManagement
0x00007fff401c7000 	/System/Library/Frameworks/DirectoryService.framework/Versions/A/DirectoryService
0x00007fff53122000 	/System/Library/PrivateFrameworks/DiskImages.framework/Versions/A/DiskImages
0x00007fff5be6c000 	/System/Library/PrivateFrameworks/LoginUIKit.framework/Versions/A/Frameworks/LoginUICore.framework/Versions/A/LoginUICore
0x00007fff66cbf000 	/usr/lib/libCoreStorage.dylib
0x00007fff67b89000 	/usr/lib/libcsfde.dylib
0x00007fff69149000 	/usr/lib/libodfde.dylib
0x00007fff5c6ae000 	/System/Library/PrivateFrameworks/MediaKit.framework/Versions/A/MediaKit
0x00007fff401d3000 	/System/Library/Frameworks/DiscRecording.framework/Versions/A/DiscRecording
0x00007fff53365000 	/System/Library/PrivateFrameworks/EFILogin.framework/Versions/A/EFILogin
0x00007fff6089d000 	/System/Library/PrivateFrameworks/ProtectedCloudStorage.framework/Versions/A/ProtectedCloudStorage
0x00007fff67c1b000 	/usr/lib/libcurl.4.dylib
0x00007fff67a88000 	/usr/lib/libcrypto.42.dylib
0x00007fff695bb000 	/usr/lib/libssl.44.dylib
0x00007fff42378000 	/System/Library/Frameworks/LDAP.framework/Versions/A/LDAP
0x00007fff64ec2000 	/System/Library/PrivateFrameworks/TrustEvaluationAgent.framework/Versions/A/TrustEvaluationAgent
0x00007fff69305000 	/usr/lib/libsasl2.2.dylib
0x00007fff51790000 	/System/Library/PrivateFrameworks/CoreDaemon.framework/Versions/B/CoreDaemon
0x00007fff4e723000 	/System/Library/PrivateFrameworks/AppleSRP.framework/Versions/A/AppleSRP
0x00007fff65cfc000 	/System/Library/PrivateFrameworks/ViewBridge.framework/Versions/A/ViewBridge
0x00007fff47e90000 	/System/Library/Frameworks/OpenGL.framework/Versions/A/Resources/GLEngine.bundle/GLEngine
0x00007fff47332000 	/System/Library/Frameworks/OpenGL.framework/Versions/A/Libraries/libGLProgrammability.dylib
0x00007fff369be000 	/System/Library/Extensions/AppleIntelKBLGraphicsGLDriver.bundle/Contents/MacOS/AppleIntelKBLGraphicsGLDriver
0x00007fff59290000 	/System/Library/PrivateFrameworks/GPUSupport.framework/Versions/A/Libraries/libGPUSupportMercury.dylib
0x00007fff48028000 	/System/Library/Frameworks/OpenGL.framework/Versions/A/Resources/GLRendererFloat.bundle/GLRendererFloat
0x00007fff468fc000 	/System/Library/Frameworks/OpenCL.framework/Versions/A/Libraries/libcldcpuengine.dylib
0x00007fff6788e000 	/usr/lib/libcrypto.35.dylib
0x00000001290d9000 	/Library/Java/JavaVirtualMachines/jdk1.8.0_202.jdk/Contents/Home/jre/lib/libsplashscreen.dylib
0x000000012838b000 	/Library/Java/JavaVirtualMachines/jdk1.8.0_202.jdk/Contents/Home/jre/lib/libfontmanager.dylib
0x00000001283f2000 	/Library/Java/JavaVirtualMachines/jdk1.8.0_202.jdk/Contents/Home/jre/lib/libosxui.dylib
0x0000000116df0000 	/usr/lib/libobjc-trampolines.dylib
0x000000012c8b2000 	/Applications/NetBeans/netbeans10/platform/modules/lib/libjnidispatch-440.jnilib
0x000000012c5db000 	/Library/Java/JavaVirtualMachines/jdk1.8.0_202.jdk/Contents/Home/jre/lib/libmanagement.dylib
0x0000000129b8f000 	/Library/Java/JavaVirtualMachines/jdk1.8.0_202.jdk/Contents/Home/jre/lib/libdcpr.dylib
0x000000012a6c1000 	/Library/Java/JavaVirtualMachines/jdk1.8.0_202.jdk/Contents/Home/jre/lib/libsunec.dylib
0x00007fff5000d000 	/System/Library/PrivateFrameworks/CloudDocs.framework/Versions/A/CloudDocs
0x00007fff54378000 	/System/Library/PrivateFrameworks/FileProvider.framework/Versions/A/FileProvider
0x00007fff63ec0000 	/System/Library/PrivateFrameworks/SpotlightIndex.framework/Versions/A/SpotlightIndex
0x00007fff645eb000 	/System/Library/PrivateFrameworks/SymptomDiagnosticReporter.framework/Versions/A/SymptomDiagnosticReporter
0x00007fff5962f000 	/System/Library/PrivateFrameworks/GenerationalStorage.framework/Versions/A/GenerationalStorage
0x00007fff4fea4000 	/System/Library/PrivateFrameworks/ChunkingLibrary.framework/Versions/A/ChunkingLibrary
0x00007fff60491000 	/System/Library/PrivateFrameworks/PowerLog.framework/Versions/A/PowerLog
0x00007fff51585000 	/System/Library/PrivateFrameworks/CoreAnalytics.framework/Versions/A/CoreAnalytics
0x00000001117d5000 	/System/Library/Security/ldapdl.bundle/Contents/MacOS/ldapdl
0x00007fff669b4000 	/System/Library/PrivateFrameworks/login.framework/Versions/A/login
0x000000024a011000 	/Library/Java/JavaVirtualMachines/jdk1.8.0_202.jdk/Contents/Home/jre/lib/liblcms.dylib

VM Arguments:
jvm_args: -Djdk.home=/Library/Java/JavaVirtualMachines/jdk1.8.0_202.jdk/Contents/Home -Dnetbeans.default_userdir_root=/Users/clobaco/Library/Application Support/NetBeans -Dnetbeans.dirs=/Applications/NetBeans/netbeans10/nb:/Applications/NetBeans/netbeans10/ergonomics:/Applications/NetBeans/netbeans10/ide:/Applications/NetBeans/netbeans10/extide:/Applications/NetBeans/netbeans10/java:/Applications/NetBeans/netbeans10/apisupport:/Applications/NetBeans/netbeans10/webcommon:/Applications/NetBeans/netbeans10/websvccommon:/Applications/NetBeans/netbeans10/enterprise:/Applications/NetBeans/netbeans10/mobility:/Applications/NetBeans/netbeans10/profiler:/Applications/NetBeans/netbeans10/python:/Applications/NetBeans/netbeans10/php:/Applications/NetBeans/netbeans10/identity:/Applications/NetBeans/netbeans10/harness:/Applications/NetBeans/netbeans10/cnd:/Applications/NetBeans/netbeans10/cndext:/Applications/NetBeans/netbeans10/dlight:/Applications/NetBeans/netbeans10/groovy:/Applications/NetBeans/netbeans10/extra:/Applications/NetBeans/netbeans10/javacard:/Applications/NetBeans/netbeans10/javafx: -Dnetbeans.home=/Applications/NetBeans/netbeans10/platform -Dnetbeans.importclass=org.netbeans.upgrade.AutoUpgrade -Xmx1024m -XX:+UseStringDeduplication -Xss2m -Xms32m -Djdk.gtk.version=2.2 -Dapple.laf.useScreenMenuBar=true -Dapple.awt.graphics.UseQuartz=true -Dsun.java2d.noddraw=true -Dsun.java2d.dpiaware=true -Dsun.zip.disableMemoryMapping=true -Dplugin.manager.check.updates=false -Dnetbeans.extbrowser.manual_chrome_plugin_install=yes --add-opens=java.base/java.net=ALL-UNNAMED --add-opens=java.base/java.lang.ref=ALL-UNNAMED --add-opens=java.base/java.lang=ALL-UNNAMED --add-opens=java.base/java.security=ALL-UNNAMED --add-opens=java.base/java.util=ALL-UNNAMED --add-opens=java.desktop/javax.swing.plaf.basic=ALL-UNNAMED --add-opens=java.desktop/javax.swing.text=ALL-UNNAMED --add-opens=java.desktop/javax.swing=ALL-UNNAMED --add-opens=java.desktop/java.awt=ALL-UNNAMED --add-opens=java.desktop/java.awt.event=ALL-UNNAMED --add-opens=java.prefs/java.util.prefs=ALL-UNNAMED --add-opens=jdk.jshell/jdk.jshell=ALL-UNNAMED --add-modules=jdk.jshell --add-exports=java.desktop/sun.awt=ALL-UNNAMED --add-exports=java.desktop/java.awt.peer=ALL-UNNAMED --add-exports=java.desktop/com.sun.beans.editors=ALL-UNNAMED --add-exports=java.desktop/sun.swing=ALL-UNNAMED --add-exports=java.desktop/sun.awt.im=ALL-UNNAMED --add-exports=jdk.internal.jvmstat/sun.jvmstat.monitor=ALL-UNNAMED --add-exports=java.management/sun.management=ALL-UNNAMED --add-exports=java.base/sun.reflect.annotation=ALL-UNNAMED --add-exports=jdk.javadoc/com.sun.tools.javadoc.main=ALL-UNNAMED -XX:+IgnoreUnrecognizedVMOptions -XX:+HeapDumpOnOutOfMemoryError -XX:HeapDumpPath=/Users/clobaco/Library/Application Support/NetBeans/10.0/var/log/heapdump.hprof 
java_command: org.netbeans.Main --cachedir /Users/clobaco/Library/Caches/NetBeans/10.0 --userdir /Users/clobaco/Library/Application Support/NetBeans/10.0 --branding nb
java_class_path (initial): /Applications/NetBeans/netbeans10/platform/lib/boot.jar:/Applications/NetBeans/netbeans10/platform/lib/org-openide-modules.jar:/Applications/NetBeans/netbeans10/platform/lib/org-openide-util-lookup.jar:/Applications/NetBeans/netbeans10/platform/lib/org-openide-util-ui.jar:/Applications/NetBeans/netbeans10/platform/lib/org-openide-util.jar:/Library/Java/JavaVirtualMachines/jdk1.8.0_202.jdk/Contents/Home/lib/dt.jar:/Library/Java/JavaVirtualMachines/jdk1.8.0_202.jdk/Contents/Home/lib/tools.jar
Launcher Type: SUN_STANDARD

Environment Variables:
JAVA_HOME=/Library/Java/JavaVirtualMachines/jdk1.8.0_202.jdk/Contents/Home
PATH=/Library/Frameworks/Python.framework/Versions/3.7/bin:/usr/local/opt/node@10/bin:/opt/local/bin:/opt/local/sbin:/bin:/Library/Frameworks/Python.framework/Versions/3.7/bin:/Users/clobaco/apps/gcloud/google-cloud-sdk/bin:/usr/local/opt/node@10/bin:/opt/local/bin:/opt/local/sbin:/bin:/usr/local/bin:/usr/bin:/bin:/usr/sbin:/sbin:/Users/clobaco/apps/sqlcl//bin:/Users/clobaco/apps/instantclient_18_1/:/Users/clobaco/apps/apache-ant-1.10-2.5/bin:/Users/clobaco/apps/apache-maven-3.6.0/bin:/Users/clobaco/apps/sqlcl//bin:/Users/clobaco/apps/instantclient_18_1/:/Users/clobaco/apps/apache-ant-1.10-2.5/bin:/Users/clobaco/apps/apache-maven-3.6.0/bin
SHELL=/usr/local/bin/zsh

Signal Handlers:
SIGSEGV: [libjvm.dylib+0x5b719d], sa_mask[0]=11111111011111110111111111111111, sa_flags=SA_ONSTACK|SA_RESTART|SA_SIGINFO
SIGBUS: [libjvm.dylib+0x5b719d], sa_mask[0]=11111111011111110111111111111111, sa_flags=SA_RESTART|SA_SIGINFO
SIGFPE: [libjvm.dylib+0x48c8fc], sa_mask[0]=11111111011111110111111111111111, sa_flags=SA_RESTART|SA_SIGINFO
SIGPIPE: [libjvm.dylib+0x48c8fc], sa_mask[0]=11111111011111110111111111111111, sa_flags=SA_RESTART|SA_SIGINFO
SIGXFSZ: [libjvm.dylib+0x48c8fc], sa_mask[0]=11111111011111110111111111111111, sa_flags=SA_RESTART|SA_SIGINFO
SIGILL: [libjvm.dylib+0x48c8fc], sa_mask[0]=11111111011111110111111111111111, sa_flags=SA_RESTART|SA_SIGINFO
SIGUSR1: SIG_DFL, sa_mask[0]=00000000000000000000000000000000, sa_flags=none
SIGUSR2: [libjvm.dylib+0x48c41a], sa_mask[0]=00000000000000000000000000000000, sa_flags=SA_RESTART|SA_SIGINFO
SIGHUP: [libjvm.dylib+0x48a9a5], sa_mask[0]=11111111011111110111111111111111, sa_flags=SA_RESTART|SA_SIGINFO
SIGINT: SIG_IGN, sa_mask[0]=00000000000000000000000000000000, sa_flags=none
SIGTERM: [libjvm.dylib+0x48a9a5], sa_mask[0]=11111111011111110111111111111111, sa_flags=SA_RESTART|SA_SIGINFO
SIGQUIT: [libjvm.dylib+0x48a9a5], sa_mask[0]=11111111011111110111111111111111, sa_flags=SA_RESTART|SA_SIGINFO


---------------  S Y S T E M  ---------------

OS:Bsduname:Darwin 18.7.0 Darwin Kernel Version 18.7.0: Tue Aug 20 16:57:14 PDT 2019; root:xnu-4903.271.2~2/RELEASE_X86_64 x86_64
rlimit: STACK 8192k, CORE 0k, NPROC 1418, NOFILE 10240, AS infinity
load average:5.78 28.48 21.21

CPU:total 4 (initial active 4) (2 cores per cpu, 2 threads per core) family 6 model 142 stepping 9, cmov, cx8, fxsr, mmx, sse, sse2, sse3, ssse3, sse4.1, sse4.2, popcnt, avx, avx2, aes, clmul, erms, rtm, 3dnowpref, lzcnt, ht, tsc, tscinvbit, bmi1, bmi2, adx

Memory: 4k page, physical 16777216k(1194396k free)

/proc/meminfo:


vm_info: Java HotSpot(TM) 64-Bit Server VM (25.202-b08) for bsd-amd64 JRE (1.8.0_202-b08), built on Dec 15 2018 20:16:16 by "java_re" with gcc 4.2.1 (Based on Apple Inc. build 5658) (LLVM build 2336.11.00)

time: Mon Nov  4 09:01:10 2019
timezone: CST
elapsed time: 81812 seconds (0d 22h 43m 32s)

